[2022-07-01-11-24-251]Start The Setool_Main
[2022-07-01-11-25-999]Input Command: \show options
[2022-07-01-11-25-62]Input Command: help
[2022-07-01-11-25-486]Input Command: show payload -info
[2022-07-01-11-25-230]Input Command: show payload infop
[2022-07-01-11-25-757]Input Command: show payload info
[2022-07-01-11-26-903]Start The Setool_Main
[2022-07-01-11-26-892]Input Command: help
[2022-07-01-11-27-228]Input Command: clear -workpage
[2022-07-01-11-27-708]Input Command: clear -workpath
[2022-07-01-11-27-364]Input Command: get sys_info
[2022-07-01-11-27-368][GET_SYSINFO]Get system information
[2022-07-01-11-27-452]Input Command: show payload info
[2022-07-01-11-27-164]Input Command: show payload info
[2022-07-01-11-30-148]Input Command: exit
[2022-07-01-11-30-827]Start The Setool_Main
[2022-07-01-11-30-317]Input Command: help
[2022-07-01-11-31-564]Input Command: show payload info
[2022-07-01-11-31-845]Input Command: show payload info
[2022-07-01-11-31-44]Input Command: exit
[2022-07-01-11-32-353]Start The Setool_Main
[2022-07-01-11-32-979]Input Command: 
[2022-07-01-11-32-35]Input Command: 
[2022-07-01-11-32-212]Input Command: 
[2022-07-01-11-32-108]Input Command: show optios\
[2022-07-01-11-32-308]Input Command: show options
[2022-07-01-11-32-285]Input Command: use QRcode attack
[2022-07-01-11-32-157][QRcode] Input OPtions: https://github.com/LinWin-Cloud
[2022-07-01-11-32-997][QRcode] Input OPtions: exit
[2022-07-01-11-32-613]Input Command: show options
[2022-07-01-11-33-910]Start The Setool_Main
[2022-07-01-11-33-622]Input Command: shiw options
[2022-07-01-11-33-667]Input Command: show options
[2022-07-01-11-33-165]Input Command: use exploit_social
[2022-07-01-11-34-100]Start The Setool_Main
[2022-07-01-11-34-494]Input Command: use exploit_social
[2022-07-01-11-35-534]Start The Setool_Main
[2022-07-01-11-35-591]Input Command: use exploit_social
[2022-07-01-11-37-611]Start The Setool_Main
[2022-07-01-11-37-57]Input Command: use exploit_social
[2022-07-01-11-37-300]Start The Setool_Main
[2022-07-01-11-38-222]Input Command: exit
[2022-07-01-11-38-464]Start The Setool_Main
[2022-07-01-11-38-914]Input Command: use exploit_social
[2022-07-01-11-38-186]Start The Setool_Main
[2022-07-01-11-39-450]Input Command: use exploit_social
[2022-07-01-11-39-185]Start The Setool_Main
[2022-07-01-11-39-680]Input Command: use exploit_social
[2022-07-01-11-40-33]Start The Setool_Main
[2022-07-01-11-40-955]Input Command: use exploit_social
[2022-07-01-11-40-535]Start The Setool_Main
[2022-07-01-11-40-140]Input Command: use exploit_social
[2022-07-01-11-41-745]Start The Setool_Main
[2022-07-01-11-41-588]Input Command: show optios
[2022-07-01-11-41-761]Input Command: show options
[2022-07-01-11-41-836]Input Command: use shodan_search
[2022-07-01-11-42-379]Start The Setool_Main
[2022-07-01-11-42-110]Input Command: use shodan_search
[2022-07-01-11-43-773]Start The Setool_Main
[2022-07-01-11-43-415]Input Command: use shodan_search
[2022-07-01-11-43-862]Input Command: show options
[2022-07-01-11-43-527]Input Command: use web_get_users
[2022-07-01-11-44-206]Start The Setool_Main
[2022-07-01-11-44-605]Input Command: help
[2022-07-01-11-44-559]Input Command: show options
[2022-07-01-11-44-552]Input Command: use web_terminal
[2022-07-01-11-45-303]Start The Setool_Main
[2022-07-01-11-45-457]Input Command: show optionsd
[2022-07-01-11-45-721]Input Command: show options
[2022-07-01-11-45-601]Input Command: use web_page attack
[2022-07-01-11-46-694]Start The Setool_Main
[2022-07-01-11-46-466]Input Command: show options
[2022-07-01-11-46-346]Input Command: use web_ip
[2022-07-01-11-46-528]Start The Setool_Main
[2022-07-01-11-46-515]Input Command: show options
[2022-07-01-11-46-819]Input Command: use web_location
[2022-07-01-11-47-981]Start The Setool_Main
[2022-07-01-11-47-468]Input Command: show options
[2022-07-01-11-47-707]Input Command: use web_console
[2022-07-01-11-47-766]Start The Setool_Main
[2022-07-01-11-48-324]Input Command: show optuons
[2022-07-01-11-48-180]Input Command: show options
[2022-07-01-11-48-836]Input Command: exit
