[2022-06-26-16-43-848]Start The Setool_Main
[2022-06-26-16-43-189]Input Command: show options
[2022-06-26-16-43-275]Input Command: ls
[2022-06-26-16-43-459]Input Command: show options
[2022-06-26-16-43-955]Input Command: show tools
[2022-06-26-16-43-75]Input Command: djfl kadsjflk dsjflk adjslkf jsdklajf dlksaj flakdsj flksda
[2022-06-26-16-44-842]Input Command: ls
[2022-06-26-16-44-912]Input Command: lsdf
[2022-06-26-16-44-185]Input Command: s
[2022-06-26-16-44-380]Input Command: daf
[2022-06-26-16-44-555]Input Command: sad
[2022-06-26-16-44-707]Input Command: f
[2022-06-26-16-44-860]Input Command: asd
[2022-06-26-16-44-21]Input Command: fa
[2022-06-26-16-44-163]Input Command: sd
[2022-06-26-16-44-315]Input Command: f 
[2022-06-26-16-44-451]Input Command: das
[2022-06-26-16-44-627]Input Command: f
[2022-06-26-16-44-763]Input Command: sd
[2022-06-26-16-44-911]Input Command: fad
[2022-06-26-16-44-75]Input Command: sf
[2022-06-26-16-44-230]Input Command: sad
[2022-06-26-16-44-395]Input Command: fsda
[2022-06-26-16-44-542]Input Command: fds
[2022-06-26-16-44-683]Input Command: 
[2022-06-26-16-44-851]Input Command: fsad
[2022-06-26-16-44-20]Input Command: f
[2022-06-26-16-44-307]Input Command: sadfdsa
[2022-06-26-16-44-436]Input Command: f
[2022-06-26-16-44-595]Input Command: ads
[2022-06-26-16-44-740]Input Command: fads
[2022-06-26-16-44-876]Input Command: 
[2022-06-26-16-44-27]Input Command: ds
[2022-06-26-16-44-163]Input Command: fds
[2022-06-26-16-44-299]Input Command: 
[2022-06-26-16-44-800]Input Command: 
[2022-06-26-16-44-831]Input Command: 
[2022-06-26-16-44-864]Input Command: 
[2022-06-26-16-44-892]Input Command: 
[2022-06-26-16-44-921]Input Command: 
[2022-06-26-16-44-952]Input Command: 
[2022-06-26-16-44-983]Input Command: 
[2022-06-26-16-44-13]Input Command: 
[2022-06-26-16-44-43]Input Command: 
[2022-06-26-16-44-74]Input Command: 
[2022-06-26-16-44-103]Input Command: 
[2022-06-26-16-44-134]Input Command: 
[2022-06-26-16-44-164]Input Command: 
[2022-06-26-16-44-195]Input Command: 
[2022-06-26-16-44-226]Input Command: 
[2022-06-26-16-44-254]Input Command: 
[2022-06-26-16-44-287]Input Command: 
[2022-06-26-16-44-317]Input Command: 
[2022-06-26-16-44-346]Input Command: 
[2022-06-26-16-44-376]Input Command: 
[2022-06-26-16-44-407]Input Command: 
[2022-06-26-16-44-437]Input Command: 
[2022-06-26-16-44-468]Input Command: 
[2022-06-26-16-44-498]Input Command: 
[2022-06-26-16-44-529]Input Command: 
[2022-06-26-16-44-559]Input Command: 
[2022-06-26-16-44-590]Input Command: 
[2022-06-26-16-44-621]Input Command: 
[2022-06-26-16-44-652]Input Command: 
[2022-06-26-16-44-683]Input Command: 
[2022-06-26-16-44-713]Input Command: 
[2022-06-26-16-44-744]Input Command: 
[2022-06-26-16-44-774]Input Command: 
[2022-06-26-16-44-805]Input Command: 
[2022-06-26-16-44-835]Input Command: 
[2022-06-26-16-44-868]Input Command: 
[2022-06-26-16-44-896]Input Command: 
[2022-06-26-16-44-923]Input Command: 
[2022-06-26-16-44-955]Input Command: 
[2022-06-26-16-44-986]Input Command: 
[2022-06-26-16-44-16]Input Command: 
[2022-06-26-16-44-46]Input Command: 
[2022-06-26-16-44-77]Input Command: 
[2022-06-26-16-44-108]Input Command: 
[2022-06-26-16-44-138]Input Command: 
[2022-06-26-16-44-168]Input Command: 
[2022-06-26-16-44-468]Input Command: show options
[2022-06-26-16-45-660]Input Command: exit
