[2022-06-26-18-17-222]Start The Setool_Main
[2022-06-26-18-17-725]Input Command: show options
[2022-06-26-18-17-366]Input Command: exit
[2022-06-26-18-17-417]Start The Setool_Main
[2022-06-26-18-17-167]Input Command: show options
[2022-06-26-18-17-954]Input Command: show tools
[2022-06-26-18-17-457]Input Command: setool auxiliary_console
[2022-06-26-18-19-203]Input Command: show options
[2022-06-26-18-19-313]Input Command: show tools
[2022-06-26-18-19-851]Input Command: use whois
[2022-06-26-18-20-402]Input Command: show options
[2022-06-26-18-20-795]Input Command: use exploit_social
[2022-06-26-18-21-332]Start The Setool_Main
[2022-06-26-18-21-25]Input Command: show options
[2022-06-26-18-21-371]Input Command: show options
[2022-06-26-18-21-05]Input Command: cear
[2022-06-26-18-21-470]Input Command: clear -workpath
[2022-06-26-18-21-290]Input Command: show tools
[2022-06-26-18-21-432]Input Command: help
[2022-06-26-18-21-661]Input Command: use script_attack
[2022-06-26-18-23-170]Input Command: exit
