[2022-06-27-21-09-520]Input Command: show options
[2022-06-27-21-09-415]Input Command: show tools
[2022-06-27-21-09-392]Input Command: show options
[2022-06-27-21-10-52]Input Command: setool -endtion
[2022-06-27-21-10-12]Input Command: show options
[2022-06-27-21-10-957]Input Command: setool auxiliary_console
[2022-06-27-21-12-205]Input Command: show tools
[2022-06-27-21-47-632]Input Command: show options
[2022-06-27-21-47-591]Input Command: use QRcode attack
[2022-06-27-21-47-593]Start The Setool_Main
[2022-06-27-21-48-110]Input Command: use QRcode attack
[2022-06-27-21-48-112]Start The Setool_Main
[2022-06-27-21-50-843]Input Command: clear
[2022-06-27-21-50-394]Input Command: exit
[2022-06-27-21-50-66]Input Command: show options
[2022-06-27-21-51-561]Input Command: yse QRcode attack
[2022-06-27-21-51-361]Input Command: use QRcode attack
[2022-06-27-21-51-365]Start The Setool_Main
[2022-06-27-21-52-520]Input Command: show options
[2022-06-27-21-52-663]Input Command: use QRcode attack
[2022-06-27-21-53-313]Input Command: show tools
[2022-06-27-21-54-701]Input Command: use QRcode attack
