[2022-06-28-19-23-280]Input Command: get sys_info
[2022-06-28-19-23-283][GET_SYSINFO]Get system information
[2022-06-28-19-23-367]Input Command: exit
[2022-06-28-19-23-112]Input Command: get sys_info
[2022-06-28-19-23-114][GET_SYSINFO]Get system information
[2022-06-28-19-28-553]Input Command: exit
[2022-06-28-19-28-840]Input Command: get sys_info
[2022-06-28-19-28-842][GET_SYSINFO]Get system information
[2022-06-28-19-30-973]Input Command: exit
[2022-06-28-19-31-328]Input Command: get sys_info
[2022-06-28-19-31-330][GET_SYSINFO]Get system information
[2022-06-28-19-31-991]Input Command: exit
[2022-06-28-19-32-192]Input Command: get sys_info
[2022-06-28-19-32-194][GET_SYSINFO]Get system information
[2022-06-28-19-34-776]Input Command: exit
[2022-06-28-19-34-997]Input Command: get sys_info
[2022-06-28-19-34-998][GET_SYSINFO]Get system information
[2022-06-28-19-35-792]Input Command: exit
[2022-06-28-19-35-854]Input Command: get sys_info
[2022-06-28-19-35-854][GET_SYSINFO]Get system information
[2022-06-28-19-36-193]Input Command: exit
[2022-06-28-19-36-846]Input Command: get sys_info
[2022-06-28-19-36-846][GET_SYSINFO]Get system information
[2022-06-28-19-38-913]Input Command: exit
[2022-06-28-19-38-505]Input Command: get sys_info
[2022-06-28-19-38-507][GET_SYSINFO]Get system information
[2022-06-28-19-39-433]Input Command: exit
[2022-06-28-19-39-193]Input Command: get sys_info
[2022-06-28-19-39-196][GET_SYSINFO]Get system information
[2022-06-28-19-41-225]Input Command: exit
[2022-06-28-19-41-490]Input Command: get sys_info
[2022-06-28-19-41-492][GET_SYSINFO]Get system information
[2022-06-28-19-42-970]Input Command: exit
[2022-06-28-19-43-882]Input Command: get sys_info
[2022-06-28-19-43-884][GET_SYSINFO]Get system information
[2022-06-28-19-44-594]Input Command: exit
[2022-06-28-19-44-683]Input Command: get sys_info
[2022-06-28-19-44-685][GET_SYSINFO]Get system information
[2022-06-28-19-49-28]Input Command: exit
[2022-06-28-19-50-116]Input Command: get sys_info
[2022-06-28-19-50-118][GET_SYSINFO]Get system information
[2022-06-28-19-50-595]Input Command: exit
[2022-06-28-19-51-524]Input Command: get sys_info
[2022-06-28-19-51-526][GET_SYSINFO]Get system information
[2022-06-28-19-52-653]Input Command: exit
[2022-06-28-19-52-284]Input Command: get sys_info
[2022-06-28-19-52-286][GET_SYSINFO]Get system information
[2022-06-28-19-54-556]Input Command: exit
[2022-06-28-19-54-173]Input Command: 
[2022-06-28-19-54-140]Input Command: get sys_info
[2022-06-28-19-54-142][GET_SYSINFO]Get system information
[2022-06-28-19-54-318]Input Command: sys
[2022-06-28-19-54-621]Input Command: get sys_info
[2022-06-28-19-54-622][GET_SYSINFO]Get system information
[2022-06-28-19-54-578]Input Command: show options
[2022-06-28-19-55-700]Input Command: get sys_info
[2022-06-28-19-55-701][GET_SYSINFO]Get system information
