[2022-06-29-12-13-459]Input Command: show options
[2022-06-29-12-13-10]Input Command: use search_hacker
[2022-06-29-12-14-76]Input Command: use search_hacker
[2022-06-29-12-16-613]Input Command: exit
[2022-06-29-12-16-958]Input Command: show o ptions
[2022-06-29-12-16-875]Input Command: show options
[2022-06-29-12-16-158]Input Command: show tools
[2022-06-29-12-16-125]Input Command: get sys_info
[2022-06-29-12-16-127][GET_SYSINFO]Get system information
[2022-06-29-12-17-174]Input Command: exit
[2022-06-29-12-18-287]Input Command: get sys_info
[2022-06-29-12-18-289][GET_SYSINFO]Get system information
[2022-06-29-12-18-598]Input Command: get sys_info
[2022-06-29-12-18-599][GET_SYSINFO]Get system information
[2022-06-29-12-19-599]Input Command: use search_hacker
[2022-06-29-12-19-424]Input Command: show options
[2022-06-29-12-20-936]Input Command: setool -endtion
[2022-06-29-12-20-976]Input Command: setool -get
[2022-06-29-12-21-833]Input Command: setool -get
[2022-06-29-12-21-835]Start The Setool_Main
[2022-06-29-12-22-586]Input Command: setool -get
