[2022-06-30-17-02-973]Start The Setool_Main
[2022-06-30-17-02-868]Input Command: exit
[2022-06-30-17-03-351]Start The Setool_Main
[2022-06-30-17-03-863]Start The Setool_Main
[2022-06-30-17-04-502]Start The Setool_Main
[2022-06-30-17-04-509]Input Command: show options
[2022-06-30-17-14-20]Input Command: exit
[2022-06-30-17-14-990]Start The Setool_Main
[2022-06-30-17-14-681]Start The Setool_Main
[2022-06-30-17-14-669]Input Command: use webview
[2022-06-30-17-15-189]Input Command: exit
[2022-06-30-17-15-706]Start The Setool_Main
[2022-06-30-17-15-566]Input Command: use webview
[2022-06-30-17-16-470]Input Command: exit
[2022-06-30-17-16-239]Start The Setool_Main
[2022-06-30-17-16-847]Input Command: use webview
[2022-06-30-17-16-766]Input Command: exit
[2022-06-30-17-16-333]Start The Setool_Main
[2022-06-30-17-16-336]Input Command: use webview
[2022-06-30-17-16-919]Input Command: use web_view
[2022-06-30-17-20-902]Start The Setool_Main
[2022-06-30-17-20-732]Input Command: use web_view
[2022-06-30-17-22-251]Start The Setool_Main
[2022-06-30-17-22-302]Input Command: use web_view
[2022-06-30-17-24-512]Input Command: exit
[2022-06-30-17-24-622]Start The Setool_Main
[2022-06-30-17-24-760]Input Command: use web_view
[2022-06-30-17-25-153]Input Command: exit
[2022-06-30-17-25-97]Start The Setool_Main
[2022-06-30-17-25-481]Input Command: use web_view
[2022-06-30-17-26-913]Input Command: eix
[2022-06-30-17-26-113]Input Command: exit
[2022-06-30-17-26-958]Start The Setool_Main
[2022-06-30-17-26-327]Input Command: use web_view
[2022-06-30-17-27-999]Input Command: exit
[2022-06-30-17-27-287]Start The Setool_Main
[2022-06-30-17-27-779]Input Command: use web_view
[2022-06-30-17-28-623]Start The Setool_Main
[2022-06-30-17-28-924]Input Command: use web_view\
[2022-06-30-17-28-587]Input Command: use web_view
[2022-06-30-17-29-353]Start The Setool_Main
[2022-06-30-17-29-677]Input Command: use web_view
[2022-06-30-17-31-533]Start The Setool_Main
[2022-06-30-17-31-783]Input Command: use web_view
[2022-06-30-17-31-136]Start The Setool_Main
[2022-06-30-17-31-671]Input Command: use sdjfl asflds
[2022-06-30-17-31-767]Input Command: exit
[2022-06-30-17-31-222]Start The Setool_Main
[2022-06-30-17-32-488]Input Command: use web_view
[2022-06-30-17-33-266]Start The Setool_Main
[2022-06-30-17-33-153]Input Command: use web_console
[2022-06-30-17-37-266]Start The Setool_Main
[2022-06-30-17-38-397]Input Command: use web_view
[2022-06-30-17-39-93]Start The Setool_Main
[2022-06-30-17-39-795]Input Command: use web_view
[2022-06-30-17-39-821]Start The Setool_Main
[2022-06-30-17-42-239]Input Command: ^c
