[2022-07-01-11-33-760]ET / 
[2022-07-01-11-33-701]ET /users.PNG 
[2022-07-01-11-33-165]ET /pass.PNG 
[2022-07-01-11-33-227]ET /favicon.ico 
[2022-07-01-11-34-504]ET / 
[2022-07-01-11-34-824]ET /favicon.ico 
[2022-07-01-11-35-941]ET /InfoMation--%3E'usersname=linwin;password=1234567890' 
[2022-07-01-11-35-221]ET /favicon.ico 
[2022-07-01-11-36-746]ET /InfoMation--%3E'usersname=linwin;password=1234567890' 
[2022-07-01-11-36-801]ET /users.PNG 
[2022-07-01-11-36-823]ET /pass.PNG 
[2022-07-01-11-36-888]ET /favicon.ico 
[2022-07-01-11-37-286]ET /InfoMation--%3E'usersname=linwin;password=1234567890' 
[2022-07-01-11-37-521]ET /favicon.ico 
[2022-07-01-11-37-833]ET /InfoMation------'usersname=123456789;password=123456789' 
[2022-07-01-11-37-920]ET /favicon.ico 
[2022-07-01-11-38-812]ET /InfoMation------'usersname=123456789;password=123456789' 
[2022-07-01-11-38-994]ET /favicon.ico 
[2022-07-01-11-38-421]ET /'-info:usersname=4151;password=cfctvtv 
[2022-07-01-11-38-526]ET /favicon.ico 
[2022-07-01-11-39-650]ET /'-info:usersname=4151;password=cfctvtv 
[2022-07-01-11-39-652]Error: java.io.FileNotFoundException: ./framework/baidu/index.html (没有那个文件或目录)
[2022-07-01-11-40-502]ET /'-info:usersname=4151;password=cfctvtv 
[2022-07-01-11-40-667]ET /index.js 
[2022-07-01-11-40-903]ET /favicon.ico 
[2022-07-01-11-40-618]ET /Info==Password:cecrxrcrcrc;usersname=%E4%BA%8C%E5%88%86%E6%B3%95%E6%9F%93%E5%8F%91 
[2022-07-01-11-40-714]ET /index.js 
[2022-07-01-11-40-809]ET /favicon.ico 
[2022-07-01-11-40-62]ET /index.html 
[2022-07-01-11-40-341]ET /favicon.ico 
[2022-07-01-11-40-977]ET /'usersname=1928282828password=xrcrvtvtvtvy 
[2022-07-01-11-40-69]ET /favicon.ico 
[2022-07-01-11-41-307]ET /'usersname=1928282828password=xrcrvtvtvtvy 
[2022-07-01-11-41-355]ET /users.PNG 
[2022-07-01-11-41-376]ET /pass.PNG 
[2022-07-01-11-41-394]ET /favicon.ico 
[2022-07-01-11-44-999]ET /'usersname=1928282828password=xrcrvtvtvtvy 
[2022-07-01-11-44-345]ET /favicon.ico 
[2022-07-01-11-44-358]ET /Users_OS:Linux%20armv8l------Users_browser:Netscape------Users_browser_version:5.0%20(Linux;%20Android%2010;%20V2065A)%20AppleWebKit/537.36%20(KHTML,%20like%20Gecko)%20Chrome/78.0.3904.96%20Mobile%20Safari/537.36------Users_browser_engine:Gecko------Users_browser_engine_version:20030107------Users_browser_engine_build_number:undefined------Users_browser_engine_security:undefined------Users_agent:Mozilla/5.0%20(Linux;%20Android%2010;%20V2065A)%20AppleWebKit/537.36%20(KHTML,%20like%20Gecko)%20Chrome/78.0.3904.96%20Mobile%20Safari/537.36------Users_timezone:Asia/Shanghai------Users_time:Fri%20Jul%2001%202022%2011:44:15%20GMT+0800%20(%E4%B8%AD%E5%9B%BD%E6%A0%87%E5%87%86%E6%97%B6%E9%97%B4) 
[2022-07-01-11-44-449]ET /favicon.ico 
[2022-07-01-11-44-574]ET /Users_OS:Linux%20armv8l------Users_browser:Netscape------Users_browser_version:5.0%20(Linux;%20Android%2010;%20V2065A)%20AppleWebKit/537.36%20(KHTML,%20like%20Gecko)%20Chrome/78.0.3904.96%20Mobile%20Safari/537.36------Users_browser_engine:Gecko------Users_browser_engine_version:20030107------Users_browser_engine_build_number:undefined------Users_browser_engine_security:undefined------Users_agent:Mozilla/5.0%20(Linux;%20Android%2010;%20V2065A)%20AppleWebKit/537.36%20(KHTML,%20like%20Gecko)%20Chrome/78.0.3904.96%20Mobile%20Safari/537.36------Users_timezone:Asia/Users_OS:Linux%20armv8l------Users_browser:Netscape------Users_browser_version:5.0%20(Linux;%20Android%2010;%20V2065A)%20AppleWebKit/537.36%20(KHTML,%20like%20Gecko)%20Chrome/78.0.3904.96%20Mobile%20Safari/537.36------Users_browser_engine:Gecko------Users_browser_engine_version:20030107------Users_browser_engine_build_number:undefined------Users_browser_engine_security:undefined------Users_agent:Mozilla/5.0%20(Linux;%20Android%2010;%20V2065A)%20AppleWebKit/537.36%20(KHTML,%20like%20Gecko)%20Chrome/78.0.3904.96%20Mobile%20Safari/537.36------Users_timezone:Asia/Shanghai------Users_time:Fri%20Jul%2001%202022%2011:44:16%20GMT+0800%20(%E4%B8%AD%E5%9B%BD%E6%A0%87%E5%87%86%E6%97%B6%E9%97%B4) 
[2022-07-01-11-44-666]ET /favicon.ico 
[2022-07-01-11-46-889]ET / 
[2022-07-01-11-46-480]ET /IP=101.224.217.41 
[2022-07-01-11-46-843]ET /IP=101.224.217.41 
[2022-07-01-11-46-11]ET /IP=101.224.217.41 
[2022-07-01-11-46-149]ET /IP=101.224.217.41 
[2022-07-01-11-46-287]ET /IP=101.224.217.41 
[2022-07-01-11-46-415]ET /IP=101.224.217.41 
[2022-07-01-11-46-607]ET /IP=101.224.217.41 
[2022-07-01-11-46-937]ET /IP=101.224.217.41 
[2022-07-01-11-46-118]ET /IP=101.224.217.41 
[2022-07-01-11-46-257]ET /IP=101.224.217.41 
[2022-07-01-11-46-426]ET /IP=101.224.217.41 
[2022-07-01-11-47-164]ET / 
[2022-07-01-11-47-304]ET /favicon.ico 
