[2022-06-28-17-01-528]ET / 
[2022-06-28-17-01-949]ET /favicon.ico 
[2022-06-28-17-02-28]ET / 
[2022-06-28-17-03-863]ET / 
[2022-06-28-17-03-13]ET /index.js 
[2022-06-28-17-03-40]ET /users.PNG 
[2022-06-28-17-03-100]ET /pass.PNG 
[2022-06-28-17-03-178]ET /favicon.ico 
[2022-06-28-17-03-257]ET / 
[2022-06-28-17-03-308]ET /index.js 
[2022-06-28-17-03-333]ET /users.PNG 
[2022-06-28-17-03-335]ET /pass.PNG 
[2022-06-28-17-03-370]ET /favicon.ico 
[2022-06-28-17-03-911]ET / 
[2022-06-28-17-03-956]ET /index.js 
[2022-06-28-17-03-978]ET /users.PNG 
[2022-06-28-17-03-982]ET /pass.PNG 
[2022-06-28-17-03-12]ET /favicon.ico 
[2022-06-28-17-03-226]ET / 
[2022-06-28-17-03-275]ET /index.js 
[2022-06-28-17-03-307]ET /users.PNG 
[2022-06-28-17-03-318]ET /pass.PNG 
[2022-06-28-17-03-351]ET /favicon.ico 
[2022-06-28-17-04-820]ET / 
[2022-06-28-17-04-865]ET /index.js 
[2022-06-28-17-04-881]ET /users.PNG 
[2022-06-28-17-04-886]ET /pass.PNG 
[2022-06-28-17-04-908]ET /favicon.ico 
[2022-06-28-17-04-999]ET / 
[2022-06-28-17-04-105]ET /index.js 
[2022-06-28-17-04-125]ET /users.PNG 
[2022-06-28-17-04-136]ET /pass.PNG 
[2022-06-28-17-04-184]ET /favicon.ico 
[2022-06-28-17-04-764]ET / 
[2022-06-28-17-04-780]ET /index.js 
[2022-06-28-17-04-798]ET /users.PNG 
[2022-06-28-17-04-799]ET /pass.PNG 
[2022-06-28-17-04-829]ET /favicon.ico 
[2022-06-28-17-05-646]ET / 
[2022-06-28-17-05-747]ET /favicon.ico 
[2022-06-28-17-05-709]ET /InfoMation------'usersname=818;password=%20dcrcr' 
[2022-06-28-17-05-805]ET /favicon.ico 
[2022-06-28-17-05-175]ET /InfoMation------'usersname=818;password=%20dcrcr' 
[2022-06-28-17-05-237]ET /users.PNG 
[2022-06-28-17-05-272]ET /pass.PNG 
[2022-06-28-17-05-294]ET /favicon.ico 
[2022-06-28-17-06-397]ET /InfoMation------'usersname=818;password=%20dcrcr' 
[2022-06-28-17-06-441]ET /users.PNG 
[2022-06-28-17-06-447]ET /pass.PNG 
[2022-06-28-17-06-489]ET /favicon.ico 
[2022-06-28-17-06-05]ET /'usersname=123456799;password=1234567890 
[2022-06-28-17-06-89]ET /users.PNG 
[2022-06-28-17-06-95]ET /pass.PNG 
[2022-06-28-17-06-123]ET /favicon.ico 
[2022-06-28-17-11-850]ET / 
[2022-06-28-17-11-950]ET /users.PNG 
[2022-06-28-17-11-969]ET /pass.PNG 
[2022-06-28-17-11-34]ET /favicon.ico 
[2022-06-28-17-14-248]ET / 
[2022-06-28-17-14-259]ET / 
[2022-06-28-17-14-279]ET / 
[2022-06-28-17-14-499]ET /users.PNG 
[2022-06-28-17-14-507]ET /pass.PNG 
[2022-06-28-17-14-711]ET /favicon.ico 
[2022-06-28-17-14-263]ET / 
[2022-06-28-17-14-320]ET /users.PNG 
[2022-06-28-17-14-326]ET /pass.PNG 
[2022-06-28-17-14-363]ET /favicon.ico 
[2022-06-28-17-14-522]ET / 
[2022-06-28-17-14-571]ET /users.PNG 
[2022-06-28-17-14-574]ET /pass.PNG 
[2022-06-28-17-14-595]ET /favicon.ico 
[2022-06-28-17-17-317]ET / 
[2022-06-28-17-17-486]ET /users.PNG 
[2022-06-28-17-17-501]ET /pass.PNG 
[2022-06-28-17-17-528]ET /favicon.ico 
[2022-06-28-17-17-80]ET / 
[2022-06-28-17-17-153]ET /users.PNG 
[2022-06-28-17-17-164]ET /pass.PNG 
[2022-06-28-17-17-183]ET /favicon.ico 
[2022-06-28-17-18-918]ET / 
[2022-06-28-17-18-965]ET /users.PNG 
[2022-06-28-17-18-967]ET /pass.PNG 
[2022-06-28-17-18-996]ET /favicon.ico 
